E:\copy_of_PROJECT_1_SW2010  169.254.182.25\pcb\PERIPHERAL_V3.TOP:
File Finished:
Errors: 0
Warnings: 0

E:\copy_of_PROJECT_1_SW2010  169.254.182.25\pcb\PERIPHERAL_V3.BOT:
File Finished:
Errors: 0
Warnings: 0

E:\copy_of_PROJECT_1_SW2010  169.254.182.25\pcb\PERIPHERAL_V3.MSB:
File Finished:
Errors: 0
Warnings: 0

E:\copy_of_PROJECT_1_SW2010  169.254.182.25\pcb\PERIPHERAL_V3.MST:
File Finished:
Errors: 0
Warnings: 0

E:\copy_of_PROJECT_1_SW2010  169.254.182.25\pcb\PERIPHERAL_V3.BRD:
File Finished:
Errors: 0
Warnings: 0

Output Finished:
Errors: 0
Warnings: 0
Files: 5
