P-CAD DXF In Error Log

======================================================================

DXF In File Name  = I:\copy_of_PROJECT_1_SW2010 на 169.254.182.25\pcb\
плата_7.DXF

Warning (line 1066): LINE object is located outside of the workspace.
Warning (line 1088): ARC object or center point is located outside of 
the workspace.
Warning (line 1110): LINE object is located outside of the workspace.
Warning (line 1132): ARC object or center point is located outside of 
the workspace.
Warning (line 1154): LINE object is located outside of the workspace.
Warning (line 1176): ARC object or center point is located outside of 
the workspace.
Warning (line 1198): LINE object is located outside of the workspace.
Warning (line 1220): ARC object or center point is located outside of 
the workspace.
Warning (line 1242): LINE object is located outside of the workspace.
Warning (line 1264): ARC object or center point is located outside of 
the workspace.
Warning (line 1286): LINE object is located outside of the workspace.
Warning (line 1308): ARC object or center point is located outside of 
the workspace.
Warning (line 1330): LINE object is located outside of the workspace.
Warning (line 1352): ARC object or center point is located outside of 
the workspace.
Warning (line 1374): LINE object is located outside of the workspace.
Warning (line 1396): ARC object or center point is located outside of 
the workspace.
Warning (line 1506): LINE object is located outside of the workspace.
Warning (line 1528): ARC object or center point is located outside of 
the workspace.
Warning (line 1550): LINE object is located outside of the workspace.
Warning (line 1572): ARC object or center point is located outside of 
the workspace.
Warning (line 1594): ARC object or center point is located outside of 
the workspace.
Warning (line 1616): LINE object is located outside of the workspace.
Warning (line 1638): ARC object or center point is located outside of 
the workspace.
Warning (line 1660): LINE object is located outside of the workspace.
Warning (line 1682): ARC object or center point is located outside of 
the workspace.
Warning (line 1704): ARC object or center point is located outside of 
the workspace.















----------------------------------------------------------------------

01-Sep-14  23:31                                            Page    1

